{
  "stats": {
    "suites": 8,
    "tests": 8,
    "passes": 8,
    "pending": 0,
    "failures": 0,
    "testsRegistered": 8,
    "passPercent": 100,
    "pendingPercent": 0,
    "other": 0,
    "hasOther": false,
    "skipped": 0,
    "hasSkipped": false,
    "start": "2024-06-13T15:21:29.351Z",
    "end": "2024-06-13T15:22:18.769Z",
    "duration": 49418
  },
  "results": [
    {
      "uuid": "2738d17b-6588-4990-ba4f-32c01b91aa8a",
      "title": "",
      "fullFile": "cypress\\e2e\\OrderAllItems.cy.js",
      "file": "cypress\\e2e\\OrderAllItems.cy.js",
      "beforeHooks": [],
      "afterHooks": [],
      "tests": [],
      "suites": [
        {
          "uuid": "c0efe42c-af1e-4a63-9f71-52d9f853abe2",
          "title": "Order All Items",
          "fullFile": "",
          "file": "",
          "beforeHooks": [],
          "afterHooks": [],
          "tests": [
            {
              "title": "Order All Items",
              "fullTitle": "Order All Items Order All Items",
              "timedOut": null,
              "duration": 5635,
              "state": "passed",
              "speed": "medium",
              "pass": true,
              "fail": false,
              "pending": false,
              "context": null,
              "code": "_LoginPage.onLoginPage.visitWebsite();\n_LoginPage.onLoginPage.LoginWithValidCredentials();\n_ProductsPage.onProductPage.verifytheitemsisloaded();\n_ProductsPage.onProductPage.verifyItemsNumber(6);\n_ProductsPage.onProductPage.orderallitems();\n_ProductsPage.onProductPage.verifytheitemsisadded();\n_BasketPage.onBasketPage.openBasket();\n_BasketPage.onBasketPage.Checkout();\n_CheckoutPage.OnCheckoutPage.EnterUserInformation('Kareem', 'Tester', '12345');\n_CheckoutPage.OnCheckoutPage.Continue();\n_OverviewPage.onOverviewPage.Finish();\n_CompletePage.OnCompletePage.ConfirmtheOrderisSubmitted();\n_CompletePage.OnCompletePage.BackHomePage();\n_ProductsPage.onProductPage.verifytheitemsisloaded();\n_ProductsPage.onProductPage.verifyItemsNumber(6);",
              "err": {},
              "uuid": "7cd9d89a-d053-4387-81fc-c7de28b506ba",
              "parentUUID": "c0efe42c-af1e-4a63-9f71-52d9f853abe2",
              "isHook": false,
              "skipped": false
            }
          ],
          "suites": [],
          "passes": [
            "7cd9d89a-d053-4387-81fc-c7de28b506ba"
          ],
          "failures": [],
          "pending": [],
          "skipped": [],
          "duration": 5635,
          "root": false,
          "rootEmpty": false,
          "_timeout": 2000
        }
      ],
      "passes": [],
      "failures": [],
      "pending": [],
      "skipped": [],
      "duration": 0,
      "root": true,
      "rootEmpty": true,
      "_timeout": 2000
    },
    {
      "uuid": "1d12407b-e3ae-44e4-a4cb-4976ca6022f1",
      "title": "",
      "fullFile": "cypress\\e2e\\OrderFirstItems.cy.js",
      "file": "cypress\\e2e\\OrderFirstItems.cy.js",
      "beforeHooks": [],
      "afterHooks": [],
      "tests": [],
      "suites": [
        {
          "uuid": "b670321c-2f81-4842-ba9b-2f130ccacd19",
          "title": "Order Only First Items",
          "fullFile": "",
          "file": "",
          "beforeHooks": [],
          "afterHooks": [],
          "tests": [
            {
              "title": "Order First Items v2",
              "fullTitle": "Order Only First Items Order First Items v2",
              "timedOut": null,
              "duration": 4722,
              "state": "passed",
              "speed": "fast",
              "pass": true,
              "fail": false,
              "pending": false,
              "context": null,
              "code": "_LoginPage.onLoginPage.visitWebsite();\n_LoginPage.onLoginPage.LoginWithValidCredentials();\n_ProductsPage.onProductPage.verifytheitemsisloaded();\n_ProductsPage.onProductPage.verifyItemsNumber(6);\n_ProductsPage.onProductPage.AddFirstitems();\n_ProductsPage.onProductPage.verifyFirstitemsisadded();\n_ProductsPage.onProductPage.GetPriceOfFirstitemsV2();\n_BasketPage.onBasketPage.openBasket();\n_BasketPage.onBasketPage.VerifyPriceOfFirstitemsV2();\n_BasketPage.onBasketPage.Checkout();\n_CheckoutPage.OnCheckoutPage.EnterUserInformation('Kareem', 'Tester', '12345');\n_CheckoutPage.OnCheckoutPage.Continue();\n_OverviewPage.onOverviewPage.Finish();\n_CompletePage.OnCompletePage.ConfirmtheOrderisSubmitted();\n_CompletePage.OnCompletePage.BackHomePage();\n_ProductsPage.onProductPage.verifytheitemsisloaded();\n_ProductsPage.onProductPage.verifyItemsNumber(6);",
              "err": {},
              "uuid": "27715a37-600c-40f0-808b-9d822a78cd37",
              "parentUUID": "b670321c-2f81-4842-ba9b-2f130ccacd19",
              "isHook": false,
              "skipped": false
            }
          ],
          "suites": [],
          "passes": [
            "27715a37-600c-40f0-808b-9d822a78cd37"
          ],
          "failures": [],
          "pending": [],
          "skipped": [],
          "duration": 4722,
          "root": false,
          "rootEmpty": false,
          "_timeout": 2000
        }
      ],
      "passes": [],
      "failures": [],
      "pending": [],
      "skipped": [],
      "duration": 0,
      "root": true,
      "rootEmpty": true,
      "_timeout": 2000
    },
    {
      "uuid": "77ee1486-e33e-46ed-bcf3-8f11e68ab81e",
      "title": "",
      "fullFile": "cypress\\e2e\\ReorderItems.cy.js",
      "file": "cypress\\e2e\\ReorderItems.cy.js",
      "beforeHooks": [],
      "afterHooks": [],
      "tests": [],
      "suites": [
        {
          "uuid": "45e52e84-f190-4a2a-b469-6f3b57d4299f",
          "title": "Reorder Items",
          "fullFile": "",
          "file": "",
          "beforeHooks": [],
          "afterHooks": [],
          "tests": [
            {
              "title": "Reorder Items",
              "fullTitle": "Reorder Items Reorder Items",
              "timedOut": null,
              "duration": 5084,
              "state": "passed",
              "speed": "medium",
              "pass": true,
              "fail": false,
              "pending": false,
              "context": null,
              "code": "_LoginPage.onLoginPage.visitWebsite();\n_LoginPage.onLoginPage.LoginWithValidCredentials();\n_ProductsPage.onProductPage.verifytheitemsisloaded();\n_ProductsPage.onProductPage.verifyItemsNumber(6);\n_ProductsPage.onProductPage.ReorderItemfromLowtohigh();\n_ProductsPage.onProductPage.VerifytheproductfromLowtohigh();\n_ProductsPage.onProductPage.ReorderItemfromhightoLow();\n_ProductsPage.onProductPage.VerifytheproductfromHightoLow();\n_ProductsPage.onProductPage.ReorderItemfromAtoZ();\n_ProductsPage.onProductPage.VerifytheproductfromAtoZ();\n_ProductsPage.onProductPage.ReorderItemfromZtoA();\n_ProductsPage.onProductPage.VerifytheproductfromZtoA();",
              "err": {},
              "uuid": "5e7e7f8f-7ab5-4871-a6d3-a088d4a870b1",
              "parentUUID": "45e52e84-f190-4a2a-b469-6f3b57d4299f",
              "isHook": false,
              "skipped": false
            }
          ],
          "suites": [],
          "passes": [
            "5e7e7f8f-7ab5-4871-a6d3-a088d4a870b1"
          ],
          "failures": [],
          "pending": [],
          "skipped": [],
          "duration": 5084,
          "root": false,
          "rootEmpty": false,
          "_timeout": 2000
        }
      ],
      "passes": [],
      "failures": [],
      "pending": [],
      "skipped": [],
      "duration": 0,
      "root": true,
      "rootEmpty": true,
      "_timeout": 2000
    },
    {
      "uuid": "c9d20801-3636-4b05-81fb-5db7592e451e",
      "title": "",
      "fullFile": "cypress\\e2e\\ReorderItemsfromAtoZ.cy.js",
      "file": "cypress\\e2e\\ReorderItemsfromAtoZ.cy.js",
      "beforeHooks": [],
      "afterHooks": [],
      "tests": [],
      "suites": [
        {
          "uuid": "12542774-490d-4c2f-9afb-ba8d7412e9e5",
          "title": "Reorder Items from A to Z",
          "fullFile": "",
          "file": "",
          "beforeHooks": [],
          "afterHooks": [],
          "tests": [
            {
              "title": "Reorder Items from A to Z",
              "fullTitle": "Reorder Items from A to Z Reorder Items from A to Z",
              "timedOut": null,
              "duration": 2032,
              "state": "passed",
              "speed": "fast",
              "pass": true,
              "fail": false,
              "pending": false,
              "context": null,
              "code": "_LoginPage.onLoginPage.visitWebsite();\n_LoginPage.onLoginPage.LoginWithValidCredentials();\n_ProductsPage.onProductPage.verifytheitemsisloaded();\n_ProductsPage.onProductPage.verifyItemsNumber(6);\n_ProductsPage.onProductPage.ReorderItemfromAtoZ();\n_ProductsPage.onProductPage.VerifytheproductfromAtoZ();",
              "err": {},
              "uuid": "4579632d-6710-445c-9098-7d1f78bb0bc7",
              "parentUUID": "12542774-490d-4c2f-9afb-ba8d7412e9e5",
              "isHook": false,
              "skipped": false
            }
          ],
          "suites": [],
          "passes": [
            "4579632d-6710-445c-9098-7d1f78bb0bc7"
          ],
          "failures": [],
          "pending": [],
          "skipped": [],
          "duration": 2032,
          "root": false,
          "rootEmpty": false,
          "_timeout": 2000
        }
      ],
      "passes": [],
      "failures": [],
      "pending": [],
      "skipped": [],
      "duration": 0,
      "root": true,
      "rootEmpty": true,
      "_timeout": 2000
    },
    {
      "uuid": "2de3bd50-99c7-4d45-92f5-97b05b104a3f",
      "title": "",
      "fullFile": "cypress\\e2e\\ReorderItemsfromHightoLow.cy.js",
      "file": "cypress\\e2e\\ReorderItemsfromHightoLow.cy.js",
      "beforeHooks": [],
      "afterHooks": [],
      "tests": [],
      "suites": [
        {
          "uuid": "3359c94e-bc40-4869-83d5-5413903fe323",
          "title": "Reorder Items within Price from High to Low",
          "fullFile": "",
          "file": "",
          "beforeHooks": [],
          "afterHooks": [],
          "tests": [
            {
              "title": "Reorder Items within Price from High to Low",
              "fullTitle": "Reorder Items within Price from High to Low Reorder Items within Price from High to Low",
              "timedOut": null,
              "duration": 2313,
              "state": "passed",
              "speed": "fast",
              "pass": true,
              "fail": false,
              "pending": false,
              "context": null,
              "code": "_LoginPage.onLoginPage.visitWebsite();\n_LoginPage.onLoginPage.LoginWithValidCredentials();\n_ProductsPage.onProductPage.verifytheitemsisloaded();\n_ProductsPage.onProductPage.verifyItemsNumber(6);\n_ProductsPage.onProductPage.ReorderItemfromhightoLow();\n_ProductsPage.onProductPage.VerifytheproductfromHightoLow();",
              "err": {},
              "uuid": "a292cc5e-b733-4c63-be71-a6985cf24eb5",
              "parentUUID": "3359c94e-bc40-4869-83d5-5413903fe323",
              "isHook": false,
              "skipped": false
            }
          ],
          "suites": [],
          "passes": [
            "a292cc5e-b733-4c63-be71-a6985cf24eb5"
          ],
          "failures": [],
          "pending": [],
          "skipped": [],
          "duration": 2313,
          "root": false,
          "rootEmpty": false,
          "_timeout": 2000
        }
      ],
      "passes": [],
      "failures": [],
      "pending": [],
      "skipped": [],
      "duration": 0,
      "root": true,
      "rootEmpty": true,
      "_timeout": 2000
    },
    {
      "uuid": "1d8953c3-828b-4059-9e2e-5a3c71685b12",
      "title": "",
      "fullFile": "cypress\\e2e\\ReorderItemsfromLowtoHigh.cy.js",
      "file": "cypress\\e2e\\ReorderItemsfromLowtoHigh.cy.js",
      "beforeHooks": [],
      "afterHooks": [],
      "tests": [],
      "suites": [
        {
          "uuid": "f437ba99-c601-4f01-8351-c203bf9e0630",
          "title": "Reorder Items within Price from Low to High",
          "fullFile": "",
          "file": "",
          "beforeHooks": [],
          "afterHooks": [],
          "tests": [
            {
              "title": "Reorder Items",
              "fullTitle": "Reorder Items within Price from Low to High Reorder Items",
              "timedOut": null,
              "duration": 2065,
              "state": "passed",
              "speed": "fast",
              "pass": true,
              "fail": false,
              "pending": false,
              "context": null,
              "code": "_LoginPage.onLoginPage.visitWebsite();\n_LoginPage.onLoginPage.LoginWithValidCredentials();\n_ProductsPage.onProductPage.verifytheitemsisloaded();\n_ProductsPage.onProductPage.verifyItemsNumber(6);\n_ProductsPage.onProductPage.ReorderItemfromLowtohigh();\n_ProductsPage.onProductPage.VerifytheproductfromLowtohigh();",
              "err": {},
              "uuid": "5af7e9d9-d9f2-4e25-8beb-12308a297b8e",
              "parentUUID": "f437ba99-c601-4f01-8351-c203bf9e0630",
              "isHook": false,
              "skipped": false
            }
          ],
          "suites": [],
          "passes": [
            "5af7e9d9-d9f2-4e25-8beb-12308a297b8e"
          ],
          "failures": [],
          "pending": [],
          "skipped": [],
          "duration": 2065,
          "root": false,
          "rootEmpty": false,
          "_timeout": 2000
        }
      ],
      "passes": [],
      "failures": [],
      "pending": [],
      "skipped": [],
      "duration": 0,
      "root": true,
      "rootEmpty": true,
      "_timeout": 2000
    },
    {
      "uuid": "9c172552-9f1f-48a4-b822-0f183283bf1e",
      "title": "",
      "fullFile": "cypress\\e2e\\ReorderItemsfromZtoA.cy.js",
      "file": "cypress\\e2e\\ReorderItemsfromZtoA.cy.js",
      "beforeHooks": [],
      "afterHooks": [],
      "tests": [],
      "suites": [
        {
          "uuid": "d8eb559f-3697-4e06-ba52-76cd5b82bd25",
          "title": "Reorder Items from Z to A",
          "fullFile": "",
          "file": "",
          "beforeHooks": [],
          "afterHooks": [],
          "tests": [
            {
              "title": "Reorder Items",
              "fullTitle": "Reorder Items from Z to A Reorder Items",
              "timedOut": null,
              "duration": 2651,
              "state": "passed",
              "speed": "fast",
              "pass": true,
              "fail": false,
              "pending": false,
              "context": null,
              "code": "_LoginPage.onLoginPage.visitWebsite();\n_LoginPage.onLoginPage.LoginWithValidCredentials();\n_ProductsPage.onProductPage.verifytheitemsisloaded();\n_ProductsPage.onProductPage.verifyItemsNumber(6);\n_ProductsPage.onProductPage.ReorderItemfromZtoA();\n_ProductsPage.onProductPage.VerifytheproductfromZtoA();",
              "err": {},
              "uuid": "57b0ee30-10b6-44dd-b2b4-ffb2b0c48e9a",
              "parentUUID": "d8eb559f-3697-4e06-ba52-76cd5b82bd25",
              "isHook": false,
              "skipped": false
            }
          ],
          "suites": [],
          "passes": [
            "57b0ee30-10b6-44dd-b2b4-ffb2b0c48e9a"
          ],
          "failures": [],
          "pending": [],
          "skipped": [],
          "duration": 2651,
          "root": false,
          "rootEmpty": false,
          "_timeout": 2000
        }
      ],
      "passes": [],
      "failures": [],
      "pending": [],
      "skipped": [],
      "duration": 0,
      "root": true,
      "rootEmpty": true,
      "_timeout": 2000
    },
    {
      "uuid": "2c20de1a-98af-4c78-a182-a18e6abde3a2",
      "title": "",
      "fullFile": "cypress\\e2e\\Login.cy.js",
      "file": "cypress\\e2e\\Login.cy.js",
      "beforeHooks": [],
      "afterHooks": [],
      "tests": [],
      "suites": [
        {
          "uuid": "1fb0d838-7024-4357-a8d1-e428278ffd9d",
          "title": "Login",
          "fullFile": "",
          "file": "",
          "beforeHooks": [],
          "afterHooks": [],
          "tests": [
            {
              "title": "Login with valid Credtential",
              "fullTitle": "Login Login with valid Credtential",
              "timedOut": null,
              "duration": 3519,
              "state": "passed",
              "speed": "fast",
              "pass": true,
              "fail": false,
              "pending": false,
              "context": null,
              "code": "cy.visit('/');\n//define Elements\ncy.get('[data-test=\"username\"]').as('inputUsername');\ncy.get('#password').as('inputpassword');\ncy.get('[data-test=\"login-button\"]').as('buttonlogin');\n//Enter valid Username\ncy.get('@inputUsername').type(validusername);\ncy.get('@inputpassword').type(validPassword);\n//Verify\ncy.get('@inputUsername').invoke('prop', 'value').then(text => {\n  expect(text).to.equal(validusername);\n});\ncy.get('@inputpassword').invoke('prop', 'value').then(text => {\n  expect(text).to.equal(validPassword);\n});\n//Login\ncy.get('@buttonlogin').click();\ncy.get('[data-test=\"shopping-cart-link\"]').as('PageofItems');\n//page is displayed\ncy.get('@PageofItems').should('be.visible');\n//verify Drop downlist\ncy.get('[data-test=\"product-sort-container\"]').select('za');\ncy.get('.product_sort_container option').each(listitem => {\n  const List = listitem.text();\n  console.log(List);\n  cy.contains(List).click({\n    force: true\n  });\n});",
              "err": {},
              "uuid": "7faff4fb-222a-4d86-bad4-4fd3a21b3828",
              "parentUUID": "1fb0d838-7024-4357-a8d1-e428278ffd9d",
              "isHook": false,
              "skipped": false
            }
          ],
          "suites": [],
          "passes": [
            "7faff4fb-222a-4d86-bad4-4fd3a21b3828"
          ],
          "failures": [],
          "pending": [],
          "skipped": [],
          "duration": 3519,
          "root": false,
          "rootEmpty": false,
          "_timeout": 2000
        }
      ],
      "passes": [],
      "failures": [],
      "pending": [],
      "skipped": [],
      "duration": 0,
      "root": true,
      "rootEmpty": true,
      "_timeout": 2000
    }
  ],
  "meta": {
    "mocha": {
      "version": "7.0.1"
    },
    "mochawesome": {
      "options": {
        "quiet": false,
        "reportFilename": "mochawesome",
        "saveHtml": false,
        "saveJson": true,
        "consoleReporter": "spec",
        "useInlineDiffs": false,
        "code": true
      },
      "version": "7.1.3"
    },
    "marge": {
      "options": {
        "id": "default",
        "reportDir": "cypress/results/mochawesome",
        "overwrite": false,
        "html": false,
        "json": true
      },
      "version": "6.2.0"
    }
  }
}