{
  "stats": {
    "suites": 1,
    "tests": 1,
    "passes": 1,
    "pending": 0,
    "failures": 0,
    "start": "2024-06-13T14:05:22.839Z",
    "end": "2024-06-13T14:05:25.406Z",
    "duration": 2567,
    "testsRegistered": 1,
    "passPercent": 100,
    "pendingPercent": 0,
    "other": 0,
    "hasOther": false,
    "skipped": 0,
    "hasSkipped": false
  },
  "results": [
    {
      "uuid": "b4f8b6ac-831c-451f-81cd-2bd6b5f247d5",
      "title": "",
      "fullFile": "cypress\\e2e\\ReorderItemsfromZtoA.cy.js",
      "file": "cypress\\e2e\\ReorderItemsfromZtoA.cy.js",
      "beforeHooks": [],
      "afterHooks": [],
      "tests": [],
      "suites": [
        {
          "uuid": "f65daf98-4809-4b50-bace-0b0c84410fb2",
          "title": "Reorder Items from Z to A",
          "fullFile": "",
          "file": "",
          "beforeHooks": [],
          "afterHooks": [],
          "tests": [
            {
              "title": "Reorder Items",
              "fullTitle": "Reorder Items from Z to A Reorder Items",
              "timedOut": null,
              "duration": 2404,
              "state": "passed",
              "speed": "fast",
              "pass": true,
              "fail": false,
              "pending": false,
              "context": null,
              "code": "_LoginPage.onLoginPage.visitWebsite();\n_LoginPage.onLoginPage.LoginWithValidCredentials();\n_ProductsPage.onProductPage.verifytheitemsisloaded();\n_ProductsPage.onProductPage.verifyItemsNumber(6);\n_ProductsPage.onProductPage.ReorderItemfromZtoA();\n_ProductsPage.onProductPage.VerifytheproductfromZtoA();",
              "err": {},
              "uuid": "2cc08991-6290-4e3d-be13-f448b23a972c",
              "parentUUID": "f65daf98-4809-4b50-bace-0b0c84410fb2",
              "isHook": false,
              "skipped": false
            }
          ],
          "suites": [],
          "passes": [
            "2cc08991-6290-4e3d-be13-f448b23a972c"
          ],
          "failures": [],
          "pending": [],
          "skipped": [],
          "duration": 2404,
          "root": false,
          "rootEmpty": false,
          "_timeout": 2000
        }
      ],
      "passes": [],
      "failures": [],
      "pending": [],
      "skipped": [],
      "duration": 0,
      "root": true,
      "rootEmpty": true,
      "_timeout": 2000
    }
  ],
  "meta": {
    "mocha": {
      "version": "7.0.1"
    },
    "mochawesome": {
      "options": {
        "quiet": false,
        "reportFilename": "mochawesome",
        "saveHtml": false,
        "saveJson": true,
        "consoleReporter": "spec",
        "useInlineDiffs": false,
        "code": true
      },
      "version": "7.1.3"
    },
    "marge": {
      "options": {
        "id": "default",
        "reportDir": "cypress/results/mochawesome",
        "overwrite": false,
        "html": false,
        "json": true
      },
      "version": "6.2.0"
    }
  }
}