{
  "stats": {
    "suites": 1,
    "tests": 1,
    "passes": 1,
    "pending": 0,
    "failures": 0,
    "start": "2024-06-13T15:22:15.961Z",
    "end": "2024-06-13T15:22:18.769Z",
    "duration": 2808,
    "testsRegistered": 1,
    "passPercent": 100,
    "pendingPercent": 0,
    "other": 0,
    "hasOther": false,
    "skipped": 0,
    "hasSkipped": false
  },
  "results": [
    {
      "uuid": "9c172552-9f1f-48a4-b822-0f183283bf1e",
      "title": "",
      "fullFile": "cypress\\e2e\\ReorderItemsfromZtoA.cy.js",
      "file": "cypress\\e2e\\ReorderItemsfromZtoA.cy.js",
      "beforeHooks": [],
      "afterHooks": [],
      "tests": [],
      "suites": [
        {
          "uuid": "d8eb559f-3697-4e06-ba52-76cd5b82bd25",
          "title": "Reorder Items from Z to A",
          "fullFile": "",
          "file": "",
          "beforeHooks": [],
          "afterHooks": [],
          "tests": [
            {
              "title": "Reorder Items",
              "fullTitle": "Reorder Items from Z to A Reorder Items",
              "timedOut": null,
              "duration": 2651,
              "state": "passed",
              "speed": "fast",
              "pass": true,
              "fail": false,
              "pending": false,
              "context": null,
              "code": "_LoginPage.onLoginPage.visitWebsite();\n_LoginPage.onLoginPage.LoginWithValidCredentials();\n_ProductsPage.onProductPage.verifytheitemsisloaded();\n_ProductsPage.onProductPage.verifyItemsNumber(6);\n_ProductsPage.onProductPage.ReorderItemfromZtoA();\n_ProductsPage.onProductPage.VerifytheproductfromZtoA();",
              "err": {},
              "uuid": "57b0ee30-10b6-44dd-b2b4-ffb2b0c48e9a",
              "parentUUID": "d8eb559f-3697-4e06-ba52-76cd5b82bd25",
              "isHook": false,
              "skipped": false
            }
          ],
          "suites": [],
          "passes": [
            "57b0ee30-10b6-44dd-b2b4-ffb2b0c48e9a"
          ],
          "failures": [],
          "pending": [],
          "skipped": [],
          "duration": 2651,
          "root": false,
          "rootEmpty": false,
          "_timeout": 2000
        }
      ],
      "passes": [],
      "failures": [],
      "pending": [],
      "skipped": [],
      "duration": 0,
      "root": true,
      "rootEmpty": true,
      "_timeout": 2000
    }
  ],
  "meta": {
    "mocha": {
      "version": "7.0.1"
    },
    "mochawesome": {
      "options": {
        "quiet": false,
        "reportFilename": "mochawesome",
        "saveHtml": false,
        "saveJson": true,
        "consoleReporter": "spec",
        "useInlineDiffs": false,
        "code": true
      },
      "version": "7.1.3"
    },
    "marge": {
      "options": {
        "id": "default",
        "reportDir": "cypress/results/mochawesome",
        "overwrite": false,
        "html": false,
        "json": true
      },
      "version": "6.2.0"
    }
  }
}