{
  "stats": {
    "suites": 1,
    "tests": 1,
    "passes": 1,
    "pending": 0,
    "failures": 0,
    "start": "2024-06-13T14:04:36.303Z",
    "end": "2024-06-13T14:04:39.916Z",
    "duration": 3613,
    "testsRegistered": 1,
    "passPercent": 100,
    "pendingPercent": 0,
    "other": 0,
    "hasOther": false,
    "skipped": 0,
    "hasSkipped": false
  },
  "results": [
    {
      "uuid": "a45c9d37-f122-4311-94c7-fd2c018146a7",
      "title": "",
      "fullFile": "cypress\\e2e\\Login.cy.js",
      "file": "cypress\\e2e\\Login.cy.js",
      "beforeHooks": [],
      "afterHooks": [],
      "tests": [],
      "suites": [
        {
          "uuid": "150bbdd1-828a-4e90-8a9d-0e1eb22f17c2",
          "title": "Login",
          "fullFile": "",
          "file": "",
          "beforeHooks": [],
          "afterHooks": [],
          "tests": [
            {
              "title": "Login with valid Credtential",
              "fullTitle": "Login Login with valid Credtential",
              "timedOut": null,
              "duration": 3544,
              "state": "passed",
              "speed": "fast",
              "pass": true,
              "fail": false,
              "pending": false,
              "context": null,
              "code": "cy.visit('/');\n//define Elements\ncy.get('[data-test=\"username\"]').as('inputUsername');\ncy.get('#password').as('inputpassword');\ncy.get('[data-test=\"login-button\"]').as('buttonlogin');\n//Enter valid Username\ncy.get('@inputUsername').type(validusername);\ncy.get('@inputpassword').type(validPassword);\n//Verify\ncy.get('@inputUsername').invoke('prop', 'value').then(text => {\n  expect(text).to.equal(validusername);\n});\ncy.get('@inputpassword').invoke('prop', 'value').then(text => {\n  expect(text).to.equal(validPassword);\n});\n//Login\ncy.get('@buttonlogin').click();\ncy.get('[data-test=\"shopping-cart-link\"]').as('PageofItems');\n//page is displayed\ncy.get('@PageofItems').should('be.visible');\n//verify Drop downlist\ncy.get('[data-test=\"product-sort-container\"]').select('za');\ncy.get('.product_sort_container option').each(listitem => {\n  const List = listitem.text();\n  console.log(List);\n  cy.contains(List).click({\n    force: true\n  });\n});",
              "err": {},
              "uuid": "b6d0f089-9ce1-4ef3-8481-cd6ab607969a",
              "parentUUID": "150bbdd1-828a-4e90-8a9d-0e1eb22f17c2",
              "isHook": false,
              "skipped": false
            }
          ],
          "suites": [],
          "passes": [
            "b6d0f089-9ce1-4ef3-8481-cd6ab607969a"
          ],
          "failures": [],
          "pending": [],
          "skipped": [],
          "duration": 3544,
          "root": false,
          "rootEmpty": false,
          "_timeout": 2000
        }
      ],
      "passes": [],
      "failures": [],
      "pending": [],
      "skipped": [],
      "duration": 0,
      "root": true,
      "rootEmpty": true,
      "_timeout": 2000
    }
  ],
  "meta": {
    "mocha": {
      "version": "7.0.1"
    },
    "mochawesome": {
      "options": {
        "quiet": false,
        "reportFilename": "mochawesome",
        "saveHtml": false,
        "saveJson": true,
        "consoleReporter": "spec",
        "useInlineDiffs": false,
        "code": true
      },
      "version": "7.1.3"
    },
    "marge": {
      "options": {
        "id": "default",
        "reportDir": "cypress/results/mochawesome",
        "overwrite": false,
        "html": false,
        "json": true
      },
      "version": "6.2.0"
    }
  }
}