{
  "stats": {
    "suites": 1,
    "tests": 1,
    "passes": 1,
    "pending": 0,
    "failures": 0,
    "start": "2024-06-13T15:22:11.383Z",
    "end": "2024-06-13T15:22:13.576Z",
    "duration": 2193,
    "testsRegistered": 1,
    "passPercent": 100,
    "pendingPercent": 0,
    "other": 0,
    "hasOther": false,
    "skipped": 0,
    "hasSkipped": false
  },
  "results": [
    {
      "uuid": "1d8953c3-828b-4059-9e2e-5a3c71685b12",
      "title": "",
      "fullFile": "cypress\\e2e\\ReorderItemsfromLowtoHigh.cy.js",
      "file": "cypress\\e2e\\ReorderItemsfromLowtoHigh.cy.js",
      "beforeHooks": [],
      "afterHooks": [],
      "tests": [],
      "suites": [
        {
          "uuid": "f437ba99-c601-4f01-8351-c203bf9e0630",
          "title": "Reorder Items within Price from Low to High",
          "fullFile": "",
          "file": "",
          "beforeHooks": [],
          "afterHooks": [],
          "tests": [
            {
              "title": "Reorder Items",
              "fullTitle": "Reorder Items within Price from Low to High Reorder Items",
              "timedOut": null,
              "duration": 2065,
              "state": "passed",
              "speed": "fast",
              "pass": true,
              "fail": false,
              "pending": false,
              "context": null,
              "code": "_LoginPage.onLoginPage.visitWebsite();\n_LoginPage.onLoginPage.LoginWithValidCredentials();\n_ProductsPage.onProductPage.verifytheitemsisloaded();\n_ProductsPage.onProductPage.verifyItemsNumber(6);\n_ProductsPage.onProductPage.ReorderItemfromLowtohigh();\n_ProductsPage.onProductPage.VerifytheproductfromLowtohigh();",
              "err": {},
              "uuid": "5af7e9d9-d9f2-4e25-8beb-12308a297b8e",
              "parentUUID": "f437ba99-c601-4f01-8351-c203bf9e0630",
              "isHook": false,
              "skipped": false
            }
          ],
          "suites": [],
          "passes": [
            "5af7e9d9-d9f2-4e25-8beb-12308a297b8e"
          ],
          "failures": [],
          "pending": [],
          "skipped": [],
          "duration": 2065,
          "root": false,
          "rootEmpty": false,
          "_timeout": 2000
        }
      ],
      "passes": [],
      "failures": [],
      "pending": [],
      "skipped": [],
      "duration": 0,
      "root": true,
      "rootEmpty": true,
      "_timeout": 2000
    }
  ],
  "meta": {
    "mocha": {
      "version": "7.0.1"
    },
    "mochawesome": {
      "options": {
        "quiet": false,
        "reportFilename": "mochawesome",
        "saveHtml": false,
        "saveJson": true,
        "consoleReporter": "spec",
        "useInlineDiffs": false,
        "code": true
      },
      "version": "7.1.3"
    },
    "marge": {
      "options": {
        "id": "default",
        "reportDir": "cypress/results/mochawesome",
        "overwrite": false,
        "html": false,
        "json": true
      },
      "version": "6.2.0"
    }
  }
}