{
  "stats": {
    "suites": 1,
    "tests": 1,
    "passes": 1,
    "pending": 0,
    "failures": 0,
    "start": "2024-06-13T14:05:16.843Z",
    "end": "2024-06-13T14:05:20.335Z",
    "duration": 3492,
    "testsRegistered": 1,
    "passPercent": 100,
    "pendingPercent": 0,
    "other": 0,
    "hasOther": false,
    "skipped": 0,
    "hasSkipped": false
  },
  "results": [
    {
      "uuid": "a1b73157-f126-4fd0-a2fa-8bec46614c63",
      "title": "",
      "fullFile": "cypress\\e2e\\ReorderItemsfromLowtoHigh.cy.js",
      "file": "cypress\\e2e\\ReorderItemsfromLowtoHigh.cy.js",
      "beforeHooks": [],
      "afterHooks": [],
      "tests": [],
      "suites": [
        {
          "uuid": "379b77e1-ed5e-46ce-9322-60f4ff4b8521",
          "title": "Reorder Items within Price from Low to High",
          "fullFile": "",
          "file": "",
          "beforeHooks": [],
          "afterHooks": [],
          "tests": [
            {
              "title": "Reorder Items",
              "fullTitle": "Reorder Items within Price from Low to High Reorder Items",
              "timedOut": null,
              "duration": 3284,
              "state": "passed",
              "speed": "fast",
              "pass": true,
              "fail": false,
              "pending": false,
              "context": null,
              "code": "_LoginPage.onLoginPage.visitWebsite();\n_LoginPage.onLoginPage.LoginWithValidCredentials();\n_ProductsPage.onProductPage.verifytheitemsisloaded();\n_ProductsPage.onProductPage.verifyItemsNumber(6);\n_ProductsPage.onProductPage.ReorderItemfromLowtohigh();\n_ProductsPage.onProductPage.VerifytheproductfromLowtohigh();",
              "err": {},
              "uuid": "c32f762e-994f-48d2-9643-e3d9938125cc",
              "parentUUID": "379b77e1-ed5e-46ce-9322-60f4ff4b8521",
              "isHook": false,
              "skipped": false
            }
          ],
          "suites": [],
          "passes": [
            "c32f762e-994f-48d2-9643-e3d9938125cc"
          ],
          "failures": [],
          "pending": [],
          "skipped": [],
          "duration": 3284,
          "root": false,
          "rootEmpty": false,
          "_timeout": 2000
        }
      ],
      "passes": [],
      "failures": [],
      "pending": [],
      "skipped": [],
      "duration": 0,
      "root": true,
      "rootEmpty": true,
      "_timeout": 2000
    }
  ],
  "meta": {
    "mocha": {
      "version": "7.0.1"
    },
    "mochawesome": {
      "options": {
        "quiet": false,
        "reportFilename": "mochawesome",
        "saveHtml": false,
        "saveJson": true,
        "consoleReporter": "spec",
        "useInlineDiffs": false,
        "code": true
      },
      "version": "7.1.3"
    },
    "marge": {
      "options": {
        "id": "default",
        "reportDir": "cypress/results/mochawesome",
        "overwrite": false,
        "html": false,
        "json": true
      },
      "version": "6.2.0"
    }
  }
}