{
  "stats": {
    "suites": 1,
    "tests": 1,
    "passes": 1,
    "pending": 0,
    "failures": 0,
    "start": "2024-06-13T16:50:32.866Z",
    "end": "2024-06-13T16:50:35.662Z",
    "duration": 2796,
    "testsRegistered": 1,
    "passPercent": 100,
    "pendingPercent": 0,
    "other": 0,
    "hasOther": false,
    "skipped": 0,
    "hasSkipped": false
  },
  "results": [
    {
      "uuid": "ee8c525c-ef55-45d3-bf24-5f7dbda7d69a",
      "title": "",
      "fullFile": "cypress\\e2e\\ReorderItemsfromHightoLow.cy.js",
      "file": "cypress\\e2e\\ReorderItemsfromHightoLow.cy.js",
      "beforeHooks": [],
      "afterHooks": [],
      "tests": [],
      "suites": [
        {
          "uuid": "dfdbe23b-e546-4bc6-aa57-8fdc946c0112",
          "title": "Reorder Items within Price from High to Low",
          "fullFile": "",
          "file": "",
          "beforeHooks": [],
          "afterHooks": [],
          "tests": [
            {
              "title": "Reorder Items within Price from High to Low",
              "fullTitle": "Reorder Items within Price from High to Low Reorder Items within Price from High to Low",
              "timedOut": null,
              "duration": 2631,
              "state": "passed",
              "speed": "fast",
              "pass": true,
              "fail": false,
              "pending": false,
              "context": null,
              "code": "_LoginPage.onLoginPage.visitWebsite();\n_LoginPage.onLoginPage.LoginWithValidCredentials();\n_ProductsPage.onProductPage.verifytheitemsisloaded();\n_ProductsPage.onProductPage.verifyItemsNumber(6);\n_ProductsPage.onProductPage.ReorderItemfromhightoLow();\n_ProductsPage.onProductPage.VerifytheproductfromHightoLow();",
              "err": {},
              "uuid": "03ff4a82-77ed-4420-884c-81ead5f82371",
              "parentUUID": "dfdbe23b-e546-4bc6-aa57-8fdc946c0112",
              "isHook": false,
              "skipped": false
            }
          ],
          "suites": [],
          "passes": [
            "03ff4a82-77ed-4420-884c-81ead5f82371"
          ],
          "failures": [],
          "pending": [],
          "skipped": [],
          "duration": 2631,
          "root": false,
          "rootEmpty": false,
          "_timeout": 2000
        }
      ],
      "passes": [],
      "failures": [],
      "pending": [],
      "skipped": [],
      "duration": 0,
      "root": true,
      "rootEmpty": true,
      "_timeout": 2000
    }
  ],
  "meta": {
    "mocha": {
      "version": "7.0.1"
    },
    "mochawesome": {
      "options": {
        "quiet": false,
        "reportFilename": "mochawesome",
        "saveHtml": false,
        "saveJson": true,
        "consoleReporter": "spec",
        "useInlineDiffs": false,
        "code": true
      },
      "version": "7.1.3"
    },
    "marge": {
      "options": {
        "id": "default",
        "reportDir": "cypress/results/mochawesome",
        "overwrite": false,
        "html": false,
        "json": true
      },
      "version": "6.2.0"
    }
  }
}