{
  "stats": {
    "suites": 1,
    "tests": 1,
    "passes": 1,
    "pending": 0,
    "failures": 0,
    "start": "2024-06-13T15:21:46.349Z",
    "end": "2024-06-13T15:21:51.191Z",
    "duration": 4842,
    "testsRegistered": 1,
    "passPercent": 100,
    "pendingPercent": 0,
    "other": 0,
    "hasOther": false,
    "skipped": 0,
    "hasSkipped": false
  },
  "results": [
    {
      "uuid": "1d12407b-e3ae-44e4-a4cb-4976ca6022f1",
      "title": "",
      "fullFile": "cypress\\e2e\\OrderFirstItems.cy.js",
      "file": "cypress\\e2e\\OrderFirstItems.cy.js",
      "beforeHooks": [],
      "afterHooks": [],
      "tests": [],
      "suites": [
        {
          "uuid": "b670321c-2f81-4842-ba9b-2f130ccacd19",
          "title": "Order Only First Items",
          "fullFile": "",
          "file": "",
          "beforeHooks": [],
          "afterHooks": [],
          "tests": [
            {
              "title": "Order First Items v2",
              "fullTitle": "Order Only First Items Order First Items v2",
              "timedOut": null,
              "duration": 4722,
              "state": "passed",
              "speed": "fast",
              "pass": true,
              "fail": false,
              "pending": false,
              "context": null,
              "code": "_LoginPage.onLoginPage.visitWebsite();\n_LoginPage.onLoginPage.LoginWithValidCredentials();\n_ProductsPage.onProductPage.verifytheitemsisloaded();\n_ProductsPage.onProductPage.verifyItemsNumber(6);\n_ProductsPage.onProductPage.AddFirstitems();\n_ProductsPage.onProductPage.verifyFirstitemsisadded();\n_ProductsPage.onProductPage.GetPriceOfFirstitemsV2();\n_BasketPage.onBasketPage.openBasket();\n_BasketPage.onBasketPage.VerifyPriceOfFirstitemsV2();\n_BasketPage.onBasketPage.Checkout();\n_CheckoutPage.OnCheckoutPage.EnterUserInformation('Kareem', 'Tester', '12345');\n_CheckoutPage.OnCheckoutPage.Continue();\n_OverviewPage.onOverviewPage.Finish();\n_CompletePage.OnCompletePage.ConfirmtheOrderisSubmitted();\n_CompletePage.OnCompletePage.BackHomePage();\n_ProductsPage.onProductPage.verifytheitemsisloaded();\n_ProductsPage.onProductPage.verifyItemsNumber(6);",
              "err": {},
              "uuid": "27715a37-600c-40f0-808b-9d822a78cd37",
              "parentUUID": "b670321c-2f81-4842-ba9b-2f130ccacd19",
              "isHook": false,
              "skipped": false
            }
          ],
          "suites": [],
          "passes": [
            "27715a37-600c-40f0-808b-9d822a78cd37"
          ],
          "failures": [],
          "pending": [],
          "skipped": [],
          "duration": 4722,
          "root": false,
          "rootEmpty": false,
          "_timeout": 2000
        }
      ],
      "passes": [],
      "failures": [],
      "pending": [],
      "skipped": [],
      "duration": 0,
      "root": true,
      "rootEmpty": true,
      "_timeout": 2000
    }
  ],
  "meta": {
    "mocha": {
      "version": "7.0.1"
    },
    "mochawesome": {
      "options": {
        "quiet": false,
        "reportFilename": "mochawesome",
        "saveHtml": false,
        "saveJson": true,
        "consoleReporter": "spec",
        "useInlineDiffs": false,
        "code": true
      },
      "version": "7.1.3"
    },
    "marge": {
      "options": {
        "id": "default",
        "reportDir": "cypress/results/mochawesome",
        "overwrite": false,
        "html": false,
        "json": true
      },
      "version": "6.2.0"
    }
  }
}