{
  "stats": {
    "suites": 1,
    "tests": 1,
    "passes": 1,
    "pending": 0,
    "failures": 0,
    "start": "2024-06-13T14:04:42.542Z",
    "end": "2024-06-13T14:04:48.170Z",
    "duration": 5628,
    "testsRegistered": 1,
    "passPercent": 100,
    "pendingPercent": 0,
    "other": 0,
    "hasOther": false,
    "skipped": 0,
    "hasSkipped": false
  },
  "results": [
    {
      "uuid": "df1e608a-9eb4-415d-8a22-559fcbc80dfe",
      "title": "",
      "fullFile": "cypress\\e2e\\OrderAllItems.cy.js",
      "file": "cypress\\e2e\\OrderAllItems.cy.js",
      "beforeHooks": [],
      "afterHooks": [],
      "tests": [],
      "suites": [
        {
          "uuid": "65a5d2cc-a02d-4e65-aa43-7f2f8283beff",
          "title": "Order All Items",
          "fullFile": "",
          "file": "",
          "beforeHooks": [],
          "afterHooks": [],
          "tests": [
            {
              "title": "Order All Items",
              "fullTitle": "Order All Items Order All Items",
              "timedOut": null,
              "duration": 5502,
              "state": "passed",
              "speed": "medium",
              "pass": true,
              "fail": false,
              "pending": false,
              "context": null,
              "code": "_LoginPage.onLoginPage.visitWebsite();\n_LoginPage.onLoginPage.LoginWithValidCredentials();\n_ProductsPage.onProductPage.verifytheitemsisloaded();\n_ProductsPage.onProductPage.verifyItemsNumber(6);\n_ProductsPage.onProductPage.orderallitems();\n_ProductsPage.onProductPage.verifytheitemsisadded();\n_BasketPage.onBasketPage.openBasket();\n_BasketPage.onBasketPage.Checkout();\n_CheckoutPage.OnCheckoutPage.EnterUserInformation('Kareem', 'Tester', '12345');\n_CheckoutPage.OnCheckoutPage.Continue();\n_OverviewPage.onOverviewPage.Finish();\n_CompletePage.OnCompletePage.ConfirmtheOrderisSubmitted();\n_CompletePage.OnCompletePage.BackHomePage();\n_ProductsPage.onProductPage.verifytheitemsisloaded();\n_ProductsPage.onProductPage.verifyItemsNumber(6);",
              "err": {},
              "uuid": "ba46143b-9cb8-4cf1-b2b8-9a85876863f5",
              "parentUUID": "65a5d2cc-a02d-4e65-aa43-7f2f8283beff",
              "isHook": false,
              "skipped": false
            }
          ],
          "suites": [],
          "passes": [
            "ba46143b-9cb8-4cf1-b2b8-9a85876863f5"
          ],
          "failures": [],
          "pending": [],
          "skipped": [],
          "duration": 5502,
          "root": false,
          "rootEmpty": false,
          "_timeout": 2000
        }
      ],
      "passes": [],
      "failures": [],
      "pending": [],
      "skipped": [],
      "duration": 0,
      "root": true,
      "rootEmpty": true,
      "_timeout": 2000
    }
  ],
  "meta": {
    "mocha": {
      "version": "7.0.1"
    },
    "mochawesome": {
      "options": {
        "quiet": false,
        "reportFilename": "mochawesome",
        "saveHtml": false,
        "saveJson": true,
        "consoleReporter": "spec",
        "useInlineDiffs": false,
        "code": true
      },
      "version": "7.1.3"
    },
    "marge": {
      "options": {
        "id": "default",
        "reportDir": "cypress/results/mochawesome",
        "overwrite": false,
        "html": false,
        "json": true
      },
      "version": "6.2.0"
    }
  }
}