<?xml version="1.0" encoding="UTF-8"?>
<testsuites name="Mocha Tests" time="2.567" tests="1" failures="0">
  <testsuite name="Root Suite" timestamp="2024-06-13T14:05:22" tests="0" file="cypress\e2e\ReorderItemsfromZtoA.cy.js" time="0.000" failures="0">
  </testsuite>
  <testsuite name="Reorder Items from Z to A" timestamp="2024-06-13T14:05:22" tests="1" time="2.558" failures="0">
    <testcase name="Reorder Items from Z to A Reorder Items" time="2.404" classname="Reorder Items">
    </testcase>
  </testsuite>
</testsuites>