<?xml version="1.0" encoding="UTF-8"?>
<testsuites name="Mocha Tests" time="3.492" tests="1" failures="0">
  <testsuite name="Root Suite" timestamp="2024-06-13T14:05:16" tests="0" file="cypress\e2e\ReorderItemsfromLowtoHigh.cy.js" time="0.000" failures="0">
  </testsuite>
  <testsuite name="Reorder Items within Price from Low to High" timestamp="2024-06-13T14:05:16" tests="1" time="3.480" failures="0">
    <testcase name="Reorder Items within Price from Low to High Reorder Items" time="3.284" classname="Reorder Items">
    </testcase>
  </testsuite>
</testsuites>