<?xml version="1.0" encoding="UTF-8"?>
<testsuites name="Mocha Tests" time="2.447" tests="1" failures="0">
  <testsuite name="Root Suite" timestamp="2024-06-13T15:22:06" tests="0" file="cypress\e2e\ReorderItemsfromHightoLow.cy.js" time="0.000" failures="0">
  </testsuite>
  <testsuite name="Reorder Items within Price from High to Low" timestamp="2024-06-13T15:22:06" tests="1" time="2.437" failures="0">
    <testcase name="Reorder Items within Price from High to Low Reorder Items within Price from High to Low" time="2.313" classname="Reorder Items within Price from High to Low">
    </testcase>
  </testsuite>
</testsuites>