<?xml version="1.0" encoding="UTF-8"?>
<testsuites name="Mocha Tests" time="3.613" tests="1" failures="0">
  <testsuite name="Root Suite" timestamp="2024-06-13T14:04:36" tests="0" file="cypress\e2e\Login.cy.js" time="0.000" failures="0">
  </testsuite>
  <testsuite name="Login" timestamp="2024-06-13T14:04:36" tests="1" time="3.603" failures="0">
    <testcase name="Login Login with valid Credtential" time="3.544" classname="Login with valid Credtential">
    </testcase>
  </testsuite>
</testsuites>