<?xml version="1.0" encoding="UTF-8"?>
<testsuites name="Mocha Tests" time="3.097" tests="1" failures="0">
  <testsuite name="Root Suite" timestamp="2024-06-13T14:05:06" tests="0" file="cypress\e2e\ReorderItemsfromAtoZ.cy.js" time="0.000" failures="0">
  </testsuite>
  <testsuite name="Reorder Items from A to Z" timestamp="2024-06-13T14:05:06" tests="1" time="3.085" failures="0">
    <testcase name="Reorder Items from A to Z Reorder Items from A to Z" time="2.942" classname="Reorder Items from A to Z">
    </testcase>
  </testsuite>
</testsuites>