<?xml version="1.0"?>
<testsuites>
<testsuite name="Root Suite" timestamp="2024-06-13T15:21:36" tests="0" file="cypress\e2e\OrderAllItems.cy.js" time="0.000" failures="0"></testsuite>
<testsuite name="Order All Items" timestamp="2024-06-13T15:21:36" tests="1" time="5.707" failures="0">
  
  <testcase name="Order All Items Order All Items" time="5.635" classname="Order All Items"></testcase>
  
</testsuite>

<testsuite name="Root Suite" timestamp="2024-06-13T15:21:54" tests="0" file="cypress\e2e\ReorderItems.cy.js" time="0.000" failures="0"></testsuite>
<testsuite name="Reorder Items" timestamp="2024-06-13T15:21:54" tests="1" time="5.243" failures="0">
  
  <testcase name="Reorder Items Reorder Items" time="5.084" classname="Reorder Items"></testcase>
  
</testsuite>

<testsuite name="Root Suite" timestamp="2024-06-13T15:22:01" tests="0" file="cypress\e2e\ReorderItemsfromAtoZ.cy.js" time="0.000" failures="0"></testsuite>
<testsuite name="Reorder Items from A to Z" timestamp="2024-06-13T15:22:01" tests="1" time="2.206" failures="0">
  
  <testcase name="Reorder Items from A to Z Reorder Items from A to Z" time="2.032" classname="Reorder Items from A to Z"></testcase>
  
</testsuite>

<testsuite name="Root Suite" timestamp="2024-06-13T15:22:15" tests="0" file="cypress\e2e\ReorderItemsfromZtoA.cy.js" time="0.000" failures="0"></testsuite>
<testsuite name="Reorder Items from Z to A" timestamp="2024-06-13T15:22:15" tests="1" time="2.800" failures="0">
  
  <testcase name="Reorder Items from Z to A Reorder Items" time="2.651" classname="Reorder Items"></testcase>
  
</testsuite>

<testsuite name="Root Suite" timestamp="2024-06-13T15:22:06" tests="0" file="cypress\e2e\ReorderItemsfromHightoLow.cy.js" time="0.000" failures="0"></testsuite>
<testsuite name="Reorder Items within Price from High to Low" timestamp="2024-06-13T15:22:06" tests="1" time="2.437" failures="0">
  
  <testcase name="Reorder Items within Price from High to Low Reorder Items within Price from High to Low" time="2.313" classname="Reorder Items within Price from High to Low"></testcase>
  
</testsuite>

<testsuite name="Root Suite" timestamp="2024-06-13T15:21:46" tests="0" file="cypress\e2e\OrderFirstItems.cy.js" time="0.000" failures="0"></testsuite>
<testsuite name="Order Only First Items" timestamp="2024-06-13T15:21:46" tests="1" time="4.831" failures="0">
  
  <testcase name="Order Only First Items Order First Items v2" time="4.722" classname="Order First Items v2"></testcase>
  
</testsuite>

<testsuite name="Root Suite" timestamp="2024-06-13T15:22:11" tests="0" file="cypress\e2e\ReorderItemsfromLowtoHigh.cy.js" time="0.000" failures="0"></testsuite>
<testsuite name="Reorder Items within Price from Low to High" timestamp="2024-06-13T15:22:11" tests="1" time="2.186" failures="0">
  
  <testcase name="Reorder Items within Price from Low to High Reorder Items" time="2.065" classname="Reorder Items"></testcase>
  
</testsuite>

<testsuite name="Root Suite" timestamp="2024-06-13T15:21:29" tests="0" file="cypress\e2e\Login.cy.js" time="0.000" failures="0"></testsuite>
<testsuite name="Login" timestamp="2024-06-13T15:21:29" tests="1" time="3.561" failures="0">
  
  <testcase name="Login Login with valid Credtential" time="3.519" classname="Login with valid Credtential"></testcase>
  
</testsuite>

</testsuites>